<?xml version="1.0" encoding="UTF-8"?>
<!-- Generated by org.testng.reporters.JUnitReportReporter -->
<testsuite hostname="DESKTOP-BKVHFCN" failures="0" tests="3" name="temp.SampleTest" time="0.010" errors="0" timestamp="2021-11-11T07:21:44 IST" skipped="0">
  <testcase classname="temp.SampleTest" name="register" time="0.001"/>
  <testcase classname="temp.SampleTest" name="register" time="0.008"/>
  <testcase classname="temp.SampleTest" name="register" time="0.001"/>
</testsuite> <!-- temp.SampleTest -->
