<?xml version="1.0" encoding="UTF-8"?>
<!-- Generated by org.testng.reporters.JUnitReportReporter -->
<testsuite hostname="DESKTOP-BKVHFCN" failures="0" tests="2" name="com.core.qtpselenium.ddf.testcases.DeletePortfolioTest" time="16.134" errors="0" timestamp="2021-11-12T07:39:13 IST" skipped="1">
  <testcase classname="com.core.qtpselenium.ddf.testcases.DeletePortfolioTest" name="createPortfolio" time="16.115"/>
  <testcase classname="com.core.qtpselenium.ddf.testcases.DeletePortfolioTest" name="createPortfolio" time="0.019">
    <skipped/>
  </testcase> <!-- createPortfolio -->
</testsuite> <!-- com.core.qtpselenium.ddf.testcases.DeletePortfolioTest -->
