<?xml version="1.0" encoding="UTF-8"?>
<!-- Generated by org.testng.reporters.JUnitReportReporter -->
<testsuite hostname="DESKTOP-BKVHFCN" failures="0" tests="2" name="com.core.qtpselenium.ddf.testcases.CreatePortfolioTest" time="19.371" errors="0" timestamp="2021-11-12T07:31:32 IST" skipped="1">
  <testcase classname="com.core.qtpselenium.ddf.testcases.CreatePortfolioTest" name="createPortfolio" time="19.042"/>
  <testcase classname="com.core.qtpselenium.ddf.testcases.CreatePortfolioTest" name="createPortfolio" time="0.329">
    <skipped/>
  </testcase> <!-- createPortfolio -->
</testsuite> <!-- com.core.qtpselenium.ddf.testcases.CreatePortfolioTest -->
