<?xml version="1.0" encoding="UTF-8"?>
<!-- Generated by org.testng.reporters.JUnitReportReporter -->
<testsuite hostname="DESKTOP-FVRAVKU" failures="0" tests="1" name="com.core.qtpselenium.ddf.testcases.suite.portfolio.TestA" time="0.016" errors="0" timestamp="2021-11-23T21:21:11 IST" skipped="0">
  <testcase classname="com.core.qtpselenium.ddf.testcases.suite.portfolio.TestA" name="testA" time="0.016"/>
</testsuite> <!-- com.core.qtpselenium.ddf.testcases.suite.portfolio.TestA -->
