<?xml version="1.0" encoding="UTF-8"?>
<!-- Generated by org.testng.reporters.JUnitReportReporter -->
<testsuite skipped="1" hostname="DESKTOP-FVRAVKU" name="com.core.qtpselenium.ddf.testcases.suite.portfolio.CreatePortfolioTest" tests="2" failures="0" timestamp="2021-11-24T08:34:35 IST" time="30.384" errors="0">
  <testcase name="createPortfolio" time="0.015" classname="com.core.qtpselenium.ddf.testcases.suite.portfolio.CreatePortfolioTest">
    <skipped/>
  </testcase> <!-- createPortfolio -->
  <testcase name="createPortfolio" time="30.369" classname="com.core.qtpselenium.ddf.testcases.suite.portfolio.CreatePortfolioTest"/>
</testsuite> <!-- com.core.qtpselenium.ddf.testcases.suite.portfolio.CreatePortfolioTest -->
