<?xml version="1.0" encoding="UTF-8"?>
<!-- Generated by org.testng.reporters.JUnitReportReporter -->
<testsuite skipped="1" hostname="DESKTOP-FVRAVKU" name="com.core.qtpselenium.ddf.testcases.suite.portfolio.DeletePortfolioTest" tests="2" failures="0" timestamp="2021-11-24T08:34:35 IST" time="22.653" errors="0">
  <testcase name="createPortfolio" time="20.735" classname="com.core.qtpselenium.ddf.testcases.suite.portfolio.DeletePortfolioTest"/>
  <testcase name="createPortfolio" time="1.918" classname="com.core.qtpselenium.ddf.testcases.suite.portfolio.DeletePortfolioTest">
    <skipped/>
  </testcase> <!-- createPortfolio -->
</testsuite> <!-- com.core.qtpselenium.ddf.testcases.suite.portfolio.DeletePortfolioTest -->
